<?xml version="1.0" encoding="UTF-8"?>
<!-- Generated by org.testng.reporters.JUnitXMLReporter -->
<testsuite ignored="0" hostname="LAPTOP-M4JVQ32U" failures="1" tests="10" name="LoginPage" time="16.28" errors="0" timestamp="2023-11-27T11:49:18 IST">
  <testcase classname="com.BaseTest.BaseTest" name="@AfterMethod TearDown" time="0.006">
    <failure type="org.openqa.selenium.WebDriverException" message="disconnected: not connected to DevTools
  (failed to check if window was closed: disconnected: not connected to DevTools)
  (Session info: chrome=119.0.6045.160)
Build info: version: &amp;apos;3.141.59&amp;apos;, revision: &amp;apos;e82be7d358&amp;apos;, time: &amp;apos;2018-11-14T08:17:03&amp;apos;
System info: host: &amp;apos;LAPTOP-M4JVQ32U&amp;apos;, ip: &amp;apos;192.168.0.102&amp;apos;, os.name: &amp;apos;Windows 11&amp;apos;, os.arch: &amp;apos;amd64&amp;apos;, os.version: &amp;apos;10.0&amp;apos;, java.version: &amp;apos;17.0.8.1&amp;apos;
Driver info: org.openqa.selenium.chrome.ChromeDriver
Capabilities {acceptInsecureCerts: false, browserName: chrome, browserVersion: 119.0.6045.160, chrome: {chromedriverVersion: 119.0.6045.105 (38c72552c5e..., userDataDir: C:\Users\revat\AppData\Loca...}, fedcm:accounts: true, goog:chromeOptions: {debuggerAddress: localhost:53172}, javascriptEnabled: true, networkConnectionEnabled: false, pageLoadStrategy: normal, platform: WINDOWS, platformName: WINDOWS, proxy: Proxy(), setWindowRect: true, strictFileInteractability: false, timeouts: {implicit: 0, pageLoad: 300000, script: 30000}, unhandledPromptBehavior: dismiss and notify, webauthn:extension:credBlob: true, webauthn:extension:largeBlob: true, webauthn:extension:minPinLength: true, webauthn:extension:prf: true, webauthn:virtualAuthenticators: true}
Session ID: 0458794847c376d0b71e0fb2d6fe4a7e">
      <![CDATA[org.openqa.selenium.WebDriverException: disconnected: not connected to DevTools
  (failed to check if window was closed: disconnected: not connected to DevTools)
  (Session info: chrome=119.0.6045.160)
Build info: version: '3.141.59', revision: 'e82be7d358', time: '2018-11-14T08:17:03'
System info: host: 'LAPTOP-M4JVQ32U', ip: '192.168.0.102', os.name: 'Windows 11', os.arch: 'amd64', os.version: '10.0', java.version: '17.0.8.1'
Driver info: org.openqa.selenium.chrome.ChromeDriver
Capabilities {acceptInsecureCerts: false, browserName: chrome, browserVersion: 119.0.6045.160, chrome: {chromedriverVersion: 119.0.6045.105 (38c72552c5e..., userDataDir: C:\Users\revat\AppData\Loca...}, fedcm:accounts: true, goog:chromeOptions: {debuggerAddress: localhost:53172}, javascriptEnabled: true, networkConnectionEnabled: false, pageLoadStrategy: normal, platform: WINDOWS, platformName: WINDOWS, proxy: Proxy(), setWindowRect: true, strictFileInteractability: false, timeouts: {implicit: 0, pageLoad: 300000, script: 30000}, unhandledPromptBehavior: dismiss and notify, webauthn:extension:credBlob: true, webauthn:extension:largeBlob: true, webauthn:extension:minPinLength: true, webauthn:extension:prf: true, webauthn:virtualAuthenticators: true}
Session ID: 0458794847c376d0b71e0fb2d6fe4a7e
at org.openqa.selenium.remote.http.W3CHttpResponseCodec.createException(W3CHttpResponseCodec.java:187)
at org.openqa.selenium.remote.http.W3CHttpResponseCodec.decode(W3CHttpResponseCodec.java:122)
at org.openqa.selenium.remote.http.W3CHttpResponseCodec.decode(W3CHttpResponseCodec.java:49)
at org.openqa.selenium.remote.HttpCommandExecutor.execute(HttpCommandExecutor.java:158)
at org.openqa.selenium.remote.service.DriverCommandExecutor.execute(DriverCommandExecutor.java:83)
at org.openqa.selenium.remote.RemoteWebDriver.execute(RemoteWebDriver.java:552)
at org.openqa.selenium.remote.RemoteWebDriver.execute(RemoteWebDriver.java:609)
at org.openqa.selenium.remote.RemoteWebDriver.close(RemoteWebDriver.java:442)
at com.BaseTest.BaseTest.TearDown(BaseTest.java:32)
at java.base/java.util.ArrayList.forEach(ArrayList.java:1511)
... Removed 37 stack frames]]>
    </failure>
  </testcase> <!-- @AfterMethod TearDown -->
  <testcase classname="com.BaseTest.BaseTest" name="@BeforeMethod setup" time="-1.701065957971E9">
    <skipped/>
  </testcase> <!-- @BeforeMethod setup -->
  <testcase classname="com.BaseTest.BaseTest" name="@AfterMethod TearDown" time="-1.701065957977E9">
    <skipped/>
  </testcase> <!-- @AfterMethod TearDown -->
  <testcase classname="com.BaseTest.BaseTest" name="@BeforeMethod setup" time="-1.70106595798E9">
    <skipped/>
  </testcase> <!-- @BeforeMethod setup -->
  <testcase classname="com.BaseTest.BaseTest" name="@AfterMethod TearDown" time="-1.701065957991E9">
    <skipped/>
  </testcase> <!-- @AfterMethod TearDown -->
  <testcase classname="com.BaseTest.BaseTest" name="@BeforeMethod setup" time="-1.701065957994E9">
    <skipped/>
  </testcase> <!-- @BeforeMethod setup -->
  <testcase classname="com.BaseTest.BaseTest" name="@AfterMethod TearDown" time="-1.701065958E9">
    <skipped/>
  </testcase> <!-- @AfterMethod TearDown -->
  <testcase classname="com.BaseTest.BaseTest" name="@BeforeMethod setup" time="-1.701065958003E9">
    <skipped/>
  </testcase> <!-- @BeforeMethod setup -->
  <testcase classname="com.BaseTest.BaseTest" name="@AfterMethod TearDown" time="-1.701065958009E9">
    <skipped/>
  </testcase> <!-- @AfterMethod TearDown -->
  <testcase classname="com.BaseTest.BaseTest" name="@BeforeMethod setup" time="-1.701065958013E9">
    <skipped/>
  </testcase> <!-- @BeforeMethod setup -->
  <testcase classname="com.BaseTest.BaseTest" name="@AfterMethod TearDown" time="-1.701065958019E9">
    <skipped/>
  </testcase> <!-- @AfterMethod TearDown -->
  <testcase classname="com.BaseTest.BaseTest" name="@BeforeMethod setup" time="-1.701065958022E9">
    <skipped/>
  </testcase> <!-- @BeforeMethod setup -->
  <testcase classname="com.BaseTest.BaseTest" name="@AfterMethod TearDown" time="-1.701065958027E9">
    <skipped/>
  </testcase> <!-- @AfterMethod TearDown -->
  <testcase classname="com.BaseTest.BaseTest" name="@BeforeMethod setup" time="-1.701065958029E9">
    <skipped/>
  </testcase> <!-- @BeforeMethod setup -->
  <testcase classname="com.BaseTest.BaseTest" name="@AfterMethod TearDown" time="-1.701065958033E9">
    <skipped/>
  </testcase> <!-- @AfterMethod TearDown -->
  <testcase classname="OrangeHRMApplicationTestCases.OrangeHRM_LoginPageTest" name="validatingLogInPanelTextTest" time="0.098"/>
  <testcase classname="OrangeHRMApplicationTestCases.OrangeHRM_LoginPageTest" name="validatingOrangeHRMApplicationLogInPageLogoTest" time="0.077"/>
  <testcase classname="OrangeHRMApplicationTestCases.OrangeHRM_LoginPageTest" name="ValidatingLogInFunctionalityTest" time="5.573">
    <failure type="org.openqa.selenium.NoSuchWindowException" message="no such window: target window already closed
from unknown error: web view not found
  (Session info: chrome=119.0.6045.160)
Build info: version: &amp;apos;3.141.59&amp;apos;, revision: &amp;apos;e82be7d358&amp;apos;, time: &amp;apos;2018-11-14T08:17:03&amp;apos;
System info: host: &amp;apos;LAPTOP-M4JVQ32U&amp;apos;, ip: &amp;apos;192.168.0.102&amp;apos;, os.name: &amp;apos;Windows 11&amp;apos;, os.arch: &amp;apos;amd64&amp;apos;, os.version: &amp;apos;10.0&amp;apos;, java.version: &amp;apos;17.0.8.1&amp;apos;
Driver info: org.openqa.selenium.chrome.ChromeDriver
Capabilities {acceptInsecureCerts: false, browserName: chrome, browserVersion: 119.0.6045.160, chrome: {chromedriverVersion: 119.0.6045.105 (38c72552c5e..., userDataDir: C:\Users\revat\AppData\Loca...}, fedcm:accounts: true, goog:chromeOptions: {debuggerAddress: localhost:53172}, javascriptEnabled: true, networkConnectionEnabled: false, pageLoadStrategy: normal, platform: WINDOWS, platformName: WINDOWS, proxy: Proxy(), setWindowRect: true, strictFileInteractability: false, timeouts: {implicit: 0, pageLoad: 300000, script: 30000}, unhandledPromptBehavior: dismiss and notify, webauthn:extension:credBlob: true, webauthn:extension:largeBlob: true, webauthn:extension:minPinLength: true, webauthn:extension:prf: true, webauthn:virtualAuthenticators: true}
Session ID: 0458794847c376d0b71e0fb2d6fe4a7e
*** Element info: {Using=id, value=txtUsername}">
      <![CDATA[org.openqa.selenium.NoSuchWindowException: no such window: target window already closed
from unknown error: web view not found
  (Session info: chrome=119.0.6045.160)
Build info: version: '3.141.59', revision: 'e82be7d358', time: '2018-11-14T08:17:03'
System info: host: 'LAPTOP-M4JVQ32U', ip: '192.168.0.102', os.name: 'Windows 11', os.arch: 'amd64', os.version: '10.0', java.version: '17.0.8.1'
Driver info: org.openqa.selenium.chrome.ChromeDriver
Capabilities {acceptInsecureCerts: false, browserName: chrome, browserVersion: 119.0.6045.160, chrome: {chromedriverVersion: 119.0.6045.105 (38c72552c5e..., userDataDir: C:\Users\revat\AppData\Loca...}, fedcm:accounts: true, goog:chromeOptions: {debuggerAddress: localhost:53172}, javascriptEnabled: true, networkConnectionEnabled: false, pageLoadStrategy: normal, platform: WINDOWS, platformName: WINDOWS, proxy: Proxy(), setWindowRect: true, strictFileInteractability: false, timeouts: {implicit: 0, pageLoad: 300000, script: 30000}, unhandledPromptBehavior: dismiss and notify, webauthn:extension:credBlob: true, webauthn:extension:largeBlob: true, webauthn:extension:minPinLength: true, webauthn:extension:prf: true, webauthn:virtualAuthenticators: true}
Session ID: 0458794847c376d0b71e0fb2d6fe4a7e
*** Element info: {Using=id, value=txtUsername}
at org.openqa.selenium.remote.http.W3CHttpResponseCodec.createException(W3CHttpResponseCodec.java:187)
at org.openqa.selenium.remote.http.W3CHttpResponseCodec.decode(W3CHttpResponseCodec.java:122)
at org.openqa.selenium.remote.http.W3CHttpResponseCodec.decode(W3CHttpResponseCodec.java:49)
at org.openqa.selenium.remote.HttpCommandExecutor.execute(HttpCommandExecutor.java:158)
at org.openqa.selenium.remote.service.DriverCommandExecutor.execute(DriverCommandExecutor.java:83)
at org.openqa.selenium.remote.RemoteWebDriver.execute(RemoteWebDriver.java:552)
at org.openqa.selenium.remote.RemoteWebDriver.findElement(RemoteWebDriver.java:323)
at org.openqa.selenium.remote.RemoteWebDriver.findElementById(RemoteWebDriver.java:372)
at org.openqa.selenium.By$ById.findElement(By.java:188)
at org.openqa.selenium.remote.RemoteWebDriver.findElement(RemoteWebDriver.java:315)
at org.openqa.selenium.support.pagefactory.DefaultElementLocator.findElement(DefaultElementLocator.java:69)
at org.openqa.selenium.support.pagefactory.internal.LocatingElementHandler.invoke(LocatingElementHandler.java:38)
at jdk.proxy2/jdk.proxy2.$Proxy13.sendKeys(Unknown Source)
at com.OrangeHRMApplicationWebPages.OrangeHRM_LoginPage.ValidatingLogInFunctionality(OrangeHRM_LoginPage.java:91)
at OrangeHRMApplicationTestCases.OrangeHRM_LoginPageTest.ValidatingLogInFunctionalityTest(OrangeHRM_LoginPageTest.java:41)
at java.base/java.util.ArrayList.forEach(ArrayList.java:1511)
... Removed 32 stack frames]]>
    </failure>
  </testcase> <!-- ValidatingLogInFunctionalityTest -->
  <testcase classname="OrangeHRMApplicationTestCases.OrangeHRM_LoginPageTest" name="ValidatingOrangeHrmFooterBlockLinkedInLogoTest" time="0.001">
    <skipped/>
  </testcase> <!-- ValidatingOrangeHrmFooterBlockLinkedInLogoTest -->
  <testcase classname="OrangeHRMApplicationTestCases.OrangeHRM_LoginPageTest" name="ValidatingOrangeHrmFooterBlockFaceBookLogoTest" time="0.0">
    <skipped/>
  </testcase> <!-- ValidatingOrangeHrmFooterBlockFaceBookLogoTest -->
  <testcase classname="OrangeHRMApplicationTestCases.OrangeHRM_LoginPageTest" name="ValidatingOrangeHrmFooterBlockTwitterLogoTest" time="0.0">
    <skipped/>
  </testcase> <!-- ValidatingOrangeHrmFooterBlockTwitterLogoTest -->
  <testcase classname="OrangeHRMApplicationTestCases.OrangeHRM_LoginPageTest" name="ValidatingOrangeHrmFooterBlockYouTubeLogoTest" time="0.0">
    <skipped/>
  </testcase> <!-- ValidatingOrangeHrmFooterBlockYouTubeLogoTest -->
  <testcase classname="OrangeHRMApplicationTestCases.OrangeHRM_LoginPageTest" name="ValidatingOrangeHrmFooterBlockCopyRightTest" time="0.0">
    <skipped/>
  </testcase> <!-- ValidatingOrangeHrmFooterBlockCopyRightTest -->
  <testcase classname="OrangeHRMApplicationTestCases.OrangeHRM_LoginPageTest" name="ValidatingOrangeHrmAlternativeSelectOptionTest" time="0.0">
    <skipped/>
  </testcase> <!-- ValidatingOrangeHrmAlternativeSelectOptionTest -->
  <testcase classname="OrangeHRMApplicationTestCases.OrangeHRM_LoginPageTest" name="ValidatingOrangeHrmAlternativeLoginTest" time="0.0">
    <skipped/>
  </testcase> <!-- ValidatingOrangeHrmAlternativeLoginTest -->
</testsuite> <!-- LoginPage -->
